-- The C compiler identification is GNU 9.3.0
-- The CXX compiler identification is GNU 9.3.0
-- Check for working C compiler: /usr/bin/cc
-- Check for working C compiler: /usr/bin/cc -- works
-- Detecting C compiler ABI info
-- Detecting C compiler ABI info - done
-- Detecting C compile features
-- Detecting C compile features - done
-- Check for working CXX compiler: /usr/bin/c++
-- Check for working CXX compiler: /usr/bin/c++ -- works
-- Detecting CXX compiler ABI info
-- Detecting CXX compiler ABI info - done
-- Detecting CXX compile features
-- Detecting CXX compile features - done
-- Looking for pthread.h
-- Looking for pthread.h - found
-- Performing Test CMAKE_HAVE_LIBC_PTHREAD
-- Performing Test CMAKE_HAVE_LIBC_PTHREAD - Failed
-- Looking for pthread_create in pthreads
-- Looking for pthread_create in pthreads - not found
-- Looking for pthread_create in pthread
-- Looking for pthread_create in pthread - found
-- Found Threads: TRUE  
-- Configuring done
-- Generating done
-- Build files have been written to: /home/chutsu/projects/yac/deps/src/apriltag3/build
Scanning dependencies of target apriltag3
[  2%] Building C object CMakeFiles/apriltag3.dir/apriltag.c.o
[  5%] Building C object CMakeFiles/apriltag3.dir/apriltag_pose.c.o
[  8%] Building C object CMakeFiles/apriltag3.dir/apriltag_quad_thresh.c.o
[ 11%] Building C object CMakeFiles/apriltag3.dir/common/g2d.c.o
[ 14%] Building C object CMakeFiles/apriltag3.dir/common/getopt.c.o
[ 17%] Building C object CMakeFiles/apriltag3.dir/common/homography.c.o
[ 20%] Building C object CMakeFiles/apriltag3.dir/common/image_u8.c.o
[ 22%] Building C object CMakeFiles/apriltag3.dir/common/image_u8x3.c.o
[ 25%] Building C object CMakeFiles/apriltag3.dir/common/image_u8x4.c.o
[ 28%] Building C object CMakeFiles/apriltag3.dir/common/matd.c.o
[ 31%] Building C object CMakeFiles/apriltag3.dir/common/pam.c.o
[ 34%] Building C object CMakeFiles/apriltag3.dir/common/pjpeg-idct.c.o
[ 37%] Building C object CMakeFiles/apriltag3.dir/common/pjpeg.c.o
[ 40%] Building C object CMakeFiles/apriltag3.dir/common/pnm.c.o
[ 42%] Building C object CMakeFiles/apriltag3.dir/common/string_util.c.o
[ 45%] Building C object CMakeFiles/apriltag3.dir/common/svd22.c.o
[ 48%] Building C object CMakeFiles/apriltag3.dir/common/time_util.c.o
[ 51%] Building C object CMakeFiles/apriltag3.dir/common/unionfind.c.o
[ 54%] Building C object CMakeFiles/apriltag3.dir/common/workerpool.c.o
[ 57%] Building C object CMakeFiles/apriltag3.dir/common/zarray.c.o
[ 60%] Building C object CMakeFiles/apriltag3.dir/common/zhash.c.o
[ 62%] Building C object CMakeFiles/apriltag3.dir/common/zmaxheap.c.o
[ 65%] Building C object CMakeFiles/apriltag3.dir/tag16h5.c.o
[ 68%] Building C object CMakeFiles/apriltag3.dir/tag25h9.c.o
[ 71%] Building C object CMakeFiles/apriltag3.dir/tag36h11.c.o
[ 74%] Building C object CMakeFiles/apriltag3.dir/tagCircle21h7.c.o
[ 77%] Building C object CMakeFiles/apriltag3.dir/tagCircle49h12.c.o
[ 80%] Building C object CMakeFiles/apriltag3.dir/tagCustom48h12.c.o
[ 82%] Building C object CMakeFiles/apriltag3.dir/tagStandard41h12.c.o
[ 85%] Building C object CMakeFiles/apriltag3.dir/tagStandard52h13.c.o
[ 88%] Linking C shared library libapriltag3.so
[ 88%] Built target apriltag3
Scanning dependencies of target apriltag_demo
[ 91%] Building C object CMakeFiles/apriltag_demo.dir/example/apriltag_demo.c.o
[ 94%] Linking C executable apriltag_demo
[ 94%] Built target apriltag_demo
Scanning dependencies of target opencv_demo
[ 97%] Building CXX object CMakeFiles/opencv_demo.dir/example/opencv_demo.cc.o
[100%] Linking CXX executable opencv_demo
[100%] Built target opencv_demo
[ 88%] Built target apriltag3
[ 94%] Built target apriltag_demo
[100%] Built target opencv_demo
Install the project...
-- Install configuration: "Release"
-- Installing: /home/chutsu/projects/yac/deps/lib/libapriltag3.so.3.1.0
-- Up-to-date: /home/chutsu/projects/yac/deps/lib/libapriltag3.so.3
-- Up-to-date: /home/chutsu/projects/yac/deps/lib/libapriltag3.so
-- Up-to-date: /home/chutsu/projects/yac/deps/include/apriltag3/apriltag.h
-- Up-to-date: /home/chutsu/projects/yac/deps/include/apriltag3/apriltag_detect.docstring.h
-- Up-to-date: /home/chutsu/projects/yac/deps/include/apriltag3/apriltag_math.h
-- Up-to-date: /home/chutsu/projects/yac/deps/include/apriltag3/apriltag_pose.h
-- Up-to-date: /home/chutsu/projects/yac/deps/include/apriltag3/apriltag_py_type.docstring.h
-- Up-to-date: /home/chutsu/projects/yac/deps/include/apriltag3/common/doubles.h
-- Up-to-date: /home/chutsu/projects/yac/deps/include/apriltag3/common/doubles_floats_impl.h
-- Up-to-date: /home/chutsu/projects/yac/deps/include/apriltag3/common/floats.h
-- Up-to-date: /home/chutsu/projects/yac/deps/include/apriltag3/common/g2d.h
-- Up-to-date: /home/chutsu/projects/yac/deps/include/apriltag3/common/getopt.h
-- Up-to-date: /home/chutsu/projects/yac/deps/include/apriltag3/common/homography.h
-- Up-to-date: /home/chutsu/projects/yac/deps/include/apriltag3/common/image_types.h
-- Up-to-date: /home/chutsu/projects/yac/deps/include/apriltag3/common/image_u8.h
-- Up-to-date: /home/chutsu/projects/yac/deps/include/apriltag3/common/image_u8x3.h
-- Up-to-date: /home/chutsu/projects/yac/deps/include/apriltag3/common/image_u8x4.h
-- Up-to-date: /home/chutsu/projects/yac/deps/include/apriltag3/common/matd.h
-- Up-to-date: /home/chutsu/projects/yac/deps/include/apriltag3/common/math_util.h
-- Up-to-date: /home/chutsu/projects/yac/deps/include/apriltag3/common/pam.h
-- Up-to-date: /home/chutsu/projects/yac/deps/include/apriltag3/common/pjpeg.h
-- Up-to-date: /home/chutsu/projects/yac/deps/include/apriltag3/common/pnm.h
-- Up-to-date: /home/chutsu/projects/yac/deps/include/apriltag3/common/postscript_utils.h
-- Up-to-date: /home/chutsu/projects/yac/deps/include/apriltag3/common/string_util.h
-- Up-to-date: /home/chutsu/projects/yac/deps/include/apriltag3/common/svd22.h
-- Up-to-date: /home/chutsu/projects/yac/deps/include/apriltag3/common/time_util.h
-- Up-to-date: /home/chutsu/projects/yac/deps/include/apriltag3/common/timeprofile.h
-- Up-to-date: /home/chutsu/projects/yac/deps/include/apriltag3/common/unionfind.h
-- Up-to-date: /home/chutsu/projects/yac/deps/include/apriltag3/common/workerpool.h
-- Up-to-date: /home/chutsu/projects/yac/deps/include/apriltag3/common/zarray.h
-- Up-to-date: /home/chutsu/projects/yac/deps/include/apriltag3/common/zhash.h
-- Up-to-date: /home/chutsu/projects/yac/deps/include/apriltag3/common/zmaxheap.h
-- Up-to-date: /home/chutsu/projects/yac/deps/include/apriltag3/tag16h5.h
-- Up-to-date: /home/chutsu/projects/yac/deps/include/apriltag3/tag25h9.h
-- Up-to-date: /home/chutsu/projects/yac/deps/include/apriltag3/tag36h11.h
-- Up-to-date: /home/chutsu/projects/yac/deps/include/apriltag3/tagCircle21h7.h
-- Up-to-date: /home/chutsu/projects/yac/deps/include/apriltag3/tagCircle49h12.h
-- Up-to-date: /home/chutsu/projects/yac/deps/include/apriltag3/tagCustom48h12.h
-- Up-to-date: /home/chutsu/projects/yac/deps/include/apriltag3/tagStandard41h12.h
-- Up-to-date: /home/chutsu/projects/yac/deps/include/apriltag3/tagStandard52h13.h
-- Installing: /home/chutsu/projects/yac/deps/share/apriltag3/cmake/apriltag3Targets.cmake
-- Installing: /home/chutsu/projects/yac/deps/share/apriltag3/cmake/apriltag3Targets-release.cmake
-- Up-to-date: /home/chutsu/projects/yac/deps/share/apriltag3/cmake/apriltag3Config.cmake
-- Installing: /home/chutsu/projects/yac/deps/lib/pkgconfig/apriltag3.pc
-- Installing: /home/chutsu/projects/yac/deps/bin/opencv_demo
-- Set runtime path of "/home/chutsu/projects/yac/deps/bin/opencv_demo" to ""
-- Installing: /home/chutsu/projects/yac/deps/bin/apriltag_demo
-- Set runtime path of "/home/chutsu/projects/yac/deps/bin/apriltag_demo" to ""
